2022-08-08 11:16:18,019 INFO o.s.b.StartupInfoLogger [restartedMain] Starting PetStoreApplication using Java 13 on LAPTOP-RL3HPGG1 with PID 13820 (E:\Project\PetStore\target\classes started by Arun in E:\Project)
2022-08-08 11:16:18,037 DEBUG o.s.b.StartupInfoLogger [restartedMain] Running with Spring Boot v2.7.0, Spring v5.3.20
2022-08-08 11:16:18,041 INFO o.s.b.SpringApplication [restartedMain] No active profile set, falling back to 1 default profile: "default"
2022-08-08 11:16:18,214 INFO o.s.b.l.DeferredLog [restartedMain] Devtools property defaults active! Set 'spring.devtools.add-properties' to 'false' to disable
2022-08-08 11:16:18,215 INFO o.s.b.l.DeferredLog [restartedMain] For additional web related logging consider setting the 'logging.level.web' property to 'DEBUG'
2022-08-08 11:16:20,949 INFO o.s.d.r.c.RepositoryConfigurationDelegate [restartedMain] Bootstrapping Spring Data JPA repositories in DEFAULT mode.
2022-08-08 11:16:21,181 INFO o.s.d.r.c.RepositoryConfigurationDelegate [restartedMain] Finished Spring Data repository scanning in 214 ms. Found 10 JPA repository interfaces.
2022-08-08 11:16:24,077 INFO o.s.b.w.e.t.TomcatWebServer [restartedMain] Tomcat initialized with port(s): 8080 (http)
2022-08-08 11:16:24,135 INFO o.a.j.l.DirectJDKLog [restartedMain] Initializing ProtocolHandler ["http-nio-8080"]
2022-08-08 11:16:24,137 INFO o.a.j.l.DirectJDKLog [restartedMain] Starting service [Tomcat]
2022-08-08 11:16:24,138 INFO o.a.j.l.DirectJDKLog [restartedMain] Starting Servlet engine: [Apache Tomcat/9.0.63]
2022-08-08 11:16:24,373 INFO o.a.j.l.DirectJDKLog [restartedMain] Initializing Spring embedded WebApplicationContext
2022-08-08 11:16:24,384 INFO o.s.b.w.s.c.ServletWebServerApplicationContext [restartedMain] Root WebApplicationContext: initialization completed in 6166 ms
2022-08-08 11:16:24,599 DEBUG o.s.w.f.GenericFilterBean [restartedMain] Filter 'jwtTokenFilter' configured for use
2022-08-08 11:16:25,083 INFO o.h.j.i.u.LogHelper [restartedMain] HHH000204: Processing PersistenceUnitInfo [name: default]
2022-08-08 11:16:25,243 INFO o.h.Version [restartedMain] HHH000412: Hibernate ORM core version 5.6.9.Final
2022-08-08 11:16:25,825 INFO o.h.a.c.r.j.JavaReflectionManager [restartedMain] HCANN000001: Hibernate Commons Annotations {5.1.2.Final}
2022-08-08 11:16:26,073 INFO c.z.h.HikariDataSource [restartedMain] HikariPool-1 - Starting...
2022-08-08 11:16:28,158 INFO c.z.h.HikariDataSource [restartedMain] HikariPool-1 - Start completed.
2022-08-08 11:16:28,278 INFO o.h.d.Dialect [restartedMain] HHH000400: Using dialect: org.hibernate.dialect.MySQL5InnoDBDialect
2022-08-08 11:16:32,026 INFO o.h.e.t.j.p.i.JtaPlatformInitiator [restartedMain] HHH000490: Using JtaPlatform implementation: [org.hibernate.engine.transaction.jta.platform.internal.NoJtaPlatform]
2022-08-08 11:16:32,065 INFO o.s.o.j.AbstractEntityManagerFactoryBean [restartedMain] Initialized JPA EntityManagerFactory for persistence unit 'default'
2022-08-08 11:16:32,198 WARN o.s.b.a.o.j.JpaBaseConfiguration$JpaWebConfiguration [restartedMain] spring.jpa.open-in-view is enabled by default. Therefore, database queries may be performed during view rendering. Explicitly configure spring.jpa.open-in-view to disable this warning
2022-08-08 11:16:34,066 INFO o.s.s.w.DefaultSecurityFilterChain [restartedMain] Will secure any request with [org.springframework.security.web.session.DisableEncodeUrlFilter@745ffb93, org.springframework.security.web.context.request.async.WebAsyncManagerIntegrationFilter@6c3edc3b, org.springframework.security.web.context.SecurityContextPersistenceFilter@1ab6b6a9, org.springframework.security.web.header.HeaderWriterFilter@7ee59245, org.springframework.web.filter.CorsFilter@6c588f3a, org.springframework.security.web.authentication.logout.LogoutFilter@2e0eee5, com.example.project.config.JwtTokenFilter@7c061977, org.springframework.security.web.savedrequest.RequestCacheAwareFilter@7e6d5a6d, org.springframework.security.web.servletapi.SecurityContextHolderAwareRequestFilter@7b27cb0b, org.springframework.security.web.authentication.AnonymousAuthenticationFilter@62e8d7b1, org.springframework.security.web.session.SessionManagementFilter@6405030, org.springframework.security.web.access.ExceptionTranslationFilter@3bd87fa4, org.springframework.security.web.access.intercept.AuthorizationFilter@1205f7c6]
2022-08-08 11:16:34,485 INFO o.s.b.d.a.OptionalLiveReloadServer [restartedMain] LiveReload server is running on port 35729
2022-08-08 11:16:34,508 INFO o.a.j.l.DirectJDKLog [restartedMain] Starting ProtocolHandler ["http-nio-8080"]
2022-08-08 11:16:35,016 INFO o.s.b.w.e.t.TomcatWebServer [restartedMain] Tomcat started on port(s): 8080 (http) with context path ''
2022-08-08 11:16:35,077 INFO o.s.b.StartupInfoLogger [restartedMain] Started PetStoreApplication in 19.586 seconds (JVM running for 26.281)
2022-08-08 11:20:38,530 INFO o.a.j.l.DirectJDKLog [http-nio-8080-exec-4] Initializing Spring DispatcherServlet 'dispatcherServlet'
2022-08-08 11:20:38,535 INFO o.s.w.s.FrameworkServlet [http-nio-8080-exec-4] Initializing Servlet 'dispatcherServlet'
2022-08-08 11:20:38,546 INFO o.s.w.s.FrameworkServlet [http-nio-8080-exec-4] Completed initialization in 7 ms
2022-08-08 11:20:41,462 INFO c.e.p.s.LoginService [http-nio-8080-exec-3] Email LoggedIn arun@gmail.com
2022-08-08 11:20:41,462 INFO c.e.p.s.LoginService [http-nio-8080-exec-7] Email LoggedIn arun@gmail.com
